<?xml version="1.0" encoding="UTF-8"?>
<!-- Generated by org.testng.reporters.JUnitReportReporter -->
<testsuite hostname="22-ZEE-LAP070" failures="0" tests="1" name="com.WNS_Project.testCases.TC_05_Import_Key" time="26.363" errors="0" timestamp="05 Nov 2024 19:58:53 GMT" skipped="0">
  <testcase classname="com.WNS_Project.testCases.TC_05_Import_Key" name="Status" time="26.363"/>
</testsuite> <!-- com.WNS_Project.testCases.TC_05_Import_Key -->
