<?xml version="1.0" encoding="UTF-8"?>
<!-- Generated by org.testng.reporters.JUnitReportReporter -->
<testsuite hostname="22-ZEE-LAP070" failures="0" tests="1" name="com.WNS_Project.testCases.TC_01_Deploy_WNSNode" time="67.993" errors="0" timestamp="03 Nov 2024 04:05:43 GMT" skipped="0">
  <testcase classname="com.WNS_Project.testCases.TC_01_Deploy_WNSNode" name="DeployNode" time="67.993"/>
</testsuite> <!-- com.WNS_Project.testCases.TC_01_Deploy_WNSNode -->
