<?xml version="1.0" encoding="UTF-8"?>
<!-- Generated by org.testng.reporters.JUnitReportReporter -->
<testsuite hostname="22-ZEE-LAP070" failures="0" tests="1" name="com.WNS_Project.testCases.TC_07_Solutionwhitelist" time="79.199" errors="0" timestamp="03 Nov 2024 06:13:17 GMT" skipped="0">
  <testcase classname="com.WNS_Project.testCases.TC_07_Solutionwhitelist" name="Solutionwhitelist" time="79.199"/>
</testsuite> <!-- com.WNS_Project.testCases.TC_07_Solutionwhitelist -->
