<?xml version="1.0" encoding="UTF-8"?>
<!-- Generated by org.testng.reporters.JUnitReportReporter -->
<testsuite hostname="22-ZEE-LAP070" failures="0" tests="2" name="com.WNS_Project.testCases.TC_04_Generate_NewKey" time="48.243" errors="0" timestamp="28 Oct 2024 19:27:04 GMT" skipped="0">
  <testcase classname="com.WNS_Project.testCases.TC_04_Generate_NewKey" name="Status" time="47.830"/>
  <testcase classname="com.WNS_Project.testCases.TC_04_Generate_NewKey" name="Generate_Key" time="0.413"/>
</testsuite> <!-- com.WNS_Project.testCases.TC_04_Generate_NewKey -->
