<?xml version="1.0" encoding="UTF-8"?>
<!-- Generated by org.testng.reporters.JUnitReportReporter -->
<testsuite hostname="22-ZEE-LAP070" failures="0" tests="1" name="com.WNS_Project.testCases.TC_04_Generate_NewKey" time="32.632" errors="0" timestamp="29 Oct 2024 13:25:23 GMT" skipped="0">
  <testcase classname="com.WNS_Project.testCases.TC_04_Generate_NewKey" name="Status" time="32.632"/>
</testsuite> <!-- com.WNS_Project.testCases.TC_04_Generate_NewKey -->
