<?xml version="1.0" encoding="UTF-8"?>
<!-- Generated by org.testng.reporters.JUnitReportReporter -->
<testsuite hostname="22-ZEE-LAP070" failures="0" tests="2" name="com.WNS_Project.testCases.TC_06_Logs" time="54.182" errors="0" timestamp="28 Oct 2024 20:18:39 GMT" skipped="0">
  <testcase classname="com.WNS_Project.testCases.TC_06_Logs" name="Status" time="48.916"/>
  <testcase classname="com.WNS_Project.testCases.TC_06_Logs" name="logs" time="5.266"/>
</testsuite> <!-- com.WNS_Project.testCases.TC_06_Logs -->
