<?xml version="1.0" encoding="UTF-8"?>
<!-- Generated by org.testng.reporters.JUnitReportReporter -->
<testsuite hostname="22-ZEE-LAP070" failures="0" tests="2" name="com.WNS_Project.testCases.TC_03_Download_Summary" time="88.285" errors="0" timestamp="28 Oct 2024 18:57:35 GMT" skipped="0">
  <testcase classname="com.WNS_Project.testCases.TC_03_Download_Summary" name="Status" time="57.875"/>
  <testcase classname="com.WNS_Project.testCases.TC_03_Download_Summary" name="Download" time="30.410"/>
</testsuite> <!-- com.WNS_Project.testCases.TC_03_Download_Summary -->
