<?xml version="1.0" encoding="UTF-8"?>
<!-- Generated by org.testng.reporters.JUnitReportReporter -->
<testsuite hostname="22-ZEE-LAP070" failures="0" tests="2" name="com.WNS_Project.testCases.TC_05_Import_Key" time="48.622" errors="0" timestamp="28 Oct 2024 20:02:24 GMT" skipped="0">
  <testcase classname="com.WNS_Project.testCases.TC_05_Import_Key" name="Status" time="47.735"/>
  <testcase classname="com.WNS_Project.testCases.TC_05_Import_Key" name="ImportKey" time="0.887"/>
</testsuite> <!-- com.WNS_Project.testCases.TC_05_Import_Key -->
