<?xml version="1.0" encoding="UTF-8"?>
<!-- Generated by org.testng.reporters.JUnitReportReporter -->
<testsuite hostname="22-ZEE-LAP070" failures="0" tests="1" name="com.WNS_Project.testCases.TC_04_Generate_NewKey" time="29.218" errors="0" timestamp="05 Nov 2024 19:58:53 GMT" skipped="0">
  <testcase classname="com.WNS_Project.testCases.TC_04_Generate_NewKey" name="Status" time="29.218"/>
</testsuite> <!-- com.WNS_Project.testCases.TC_04_Generate_NewKey -->
