<?xml version="1.0" encoding="UTF-8"?>
<!-- Generated by org.testng.reporters.JUnitReportReporter -->
<testsuite hostname="22-ZEE-LAP070" failures="0" tests="1" name="com.WNS_Project.testCases.TC_08_DeleteWNS" time="24.743" errors="0" timestamp="03 Nov 2024 06:29:40 GMT" skipped="0">
  <testcase classname="com.WNS_Project.testCases.TC_08_DeleteWNS" name="Solutionwhitelist" time="24.743"/>
</testsuite> <!-- com.WNS_Project.testCases.TC_08_DeleteWNS -->
