<?xml version="1.0" encoding="UTF-8"?>
<!-- Generated by org.testng.reporters.JUnitReportReporter -->
<testsuite hostname="22-ZEE-LAP070" failures="0" tests="1" name="com.WNS_Project.testCases.TC_06_Logs" time="17.861" errors="0" timestamp="02 Nov 2024 13:04:21 GMT" skipped="0">
  <testcase classname="com.WNS_Project.testCases.TC_06_Logs" name="Status" time="17.861"/>
</testsuite> <!-- com.WNS_Project.testCases.TC_06_Logs -->
