<?xml version="1.0" encoding="UTF-8"?>
<!-- Generated by org.testng.reporters.JUnitReportReporter -->
<testsuite hostname="22-ZEE-LAP070" failures="0" tests="1" name="com.WNS_Project.testCases.TC_02_Status_Check" time="24.599" errors="0" timestamp="22 Oct 2024 18:57:55 GMT" skipped="0">
  <testcase classname="com.WNS_Project.testCases.TC_02_Status_Check" name="Status" time="24.599"/>
</testsuite> <!-- com.WNS_Project.testCases.TC_02_Status_Check -->
