<?xml version="1.0" encoding="UTF-8"?>
<!-- Generated by org.testng.reporters.JUnitReportReporter -->
<testsuite hostname="22-ZEE-LAP070" failures="0" tests="1" name="com.WNS_Project.testCases.TC_06_Logs" time="42.278" errors="0" timestamp="07 Nov 2024 04:40:52 GMT" skipped="0">
  <testcase classname="com.WNS_Project.testCases.TC_06_Logs" name="Logs" time="42.278"/>
</testsuite> <!-- com.WNS_Project.testCases.TC_06_Logs -->
