<?xml version="1.0" encoding="UTF-8"?>
<!-- Generated by org.testng.reporters.JUnitReportReporter -->
<testsuite hostname="22-ZEE-LAP070" failures="0" tests="1" name="com.WNS_Project.testCases.TC_01_Deploy_WNSNode" time="58.399" errors="0" timestamp="24 Oct 2024 08:11:14 GMT" skipped="0">
  <testcase classname="com.WNS_Project.testCases.TC_01_Deploy_WNSNode" name="DeployNode" time="58.399"/>
</testsuite> <!-- com.WNS_Project.testCases.TC_01_Deploy_WNSNode -->
